<?xml version="1.0" encoding="UTF-8"?>
<testng-results ignored="0" total="2" passed="2" failed="0" skipped="0">
  <reporter-output>
  </reporter-output>
  <suite started-at="2022-04-11T17:16:06 IST" name="Default suite" finished-at="2022-04-11T17:16:08 IST" duration-ms="1849">
    <groups>
    </groups>
    <test started-at="2022-04-11T17:16:06 IST" name="Default test" finished-at="2022-04-11T17:16:08 IST" duration-ms="1849">
      <class name="OMSTest.OMSTest">
        <test-method is-config="true" signature="suiteSetup()[pri:0, instance:OMSTest.OMSTest@b6b1987]" started-at="2022-04-11T17:15:54 IST" name="suiteSetup" finished-at="2022-04-11T17:16:06 IST" duration-ms="12268" status="PASS">
          <reporter-output>
          </reporter-output>
        </test-method> <!-- suiteSetup -->
        <test-method signature="OMSLoginTest()[pri:0, instance:OMSTest.OMSTest@b6b1987]" started-at="2022-04-11T17:16:06 IST" name="OMSLoginTest" finished-at="2022-04-11T17:16:06 IST" duration-ms="269" status="PASS">
          <reporter-output>
          </reporter-output>
        </test-method> <!-- OMSLoginTest -->
        <test-method signature="OMSFindOrdersTest()[pri:1, instance:OMSTest.OMSTest@b6b1987]" started-at="2022-04-11T17:16:06 IST" name="OMSFindOrdersTest" finished-at="2022-04-11T17:16:08 IST" duration-ms="1530" status="PASS">
          <reporter-output>
          </reporter-output>
        </test-method> <!-- OMSFindOrdersTest -->
        <test-method is-config="true" signature="suiteTearDown()[pri:0, instance:OMSTest.OMSTest@b6b1987]" started-at="2022-04-11T17:16:08 IST" name="suiteTearDown" finished-at="2022-04-11T17:16:08 IST" duration-ms="0" status="PASS">
          <reporter-output>
          </reporter-output>
        </test-method> <!-- suiteTearDown -->
      </class> <!-- OMSTest.OMSTest -->
    </test> <!-- Default test -->
  </suite> <!-- Default suite -->
</testng-results>
